#
# A fatal error has been detected by the Java Runtime Environment:
#
#  SIGSEGV (0xb) at pc=0x00000001323c44a5, pid=550, tid=9731
#
# JRE version: OpenJDK Runtime Environment (17.0.1+12) (build 17.0.1+12-39)
# Java VM: OpenJDK 64-Bit Server VM (17.0.1+12-39, mixed mode, sharing, tiered, compressed oops, compressed class ptrs, g1 gc, bsd-amd64)
# Problematic frame:
# C  [libLLVM.dylib+0x4604a5]  llvm::LLVMTargetMachine::initAsmInfo()+0x325
#
# No core dump will be written. Core dumps have been disabled. To enable core dumping, try "ulimit -c unlimited" before starting Java again
#
# If you would like to submit a bug report, please visit:
#   https://bugreport.java.com/bugreport/crash.jsp
# The crash happened outside the Java Virtual Machine in native code.
# See problematic frame for where to report the bug.
#

---------------  S U M M A R Y ------------

Command Line: -Dfile.encoding=UTF-8 -Duser.country=US -Duser.language=en -Duser.variant TestLL

Host: "MacBookPro14,3" x86_64 2900 MHz, 8 cores, 16G, Darwin 19.6.0, macOS 10.15.6 (19G73)
Time: Mon Jan 10 20:48:34 2022 PST elapsed time: 0.347867 seconds (0d 0h 0m 0s)

---------------  T H R E A D  ---------------

Current thread (0x00007fc1c7008a00):  JavaThread "main" [_thread_in_native, id=9731, stack(0x0000700007b24000,0x0000700007c24000)]

Stack: [0x0000700007b24000,0x0000700007c24000],  sp=0x0000700007c23530,  free space=1021k
Native frames: (J=compiled Java code, j=interpreted, Vv=VM code, C=native code)
C  [libLLVM.dylib+0x4604a5]  llvm::LLVMTargetMachine::initAsmInfo()+0x325
C  [libLLVM.dylib+0x29cae47]  llvm::X86TargetMachine::X86TargetMachine(llvm::Target const&, llvm::Triple const&, llvm::StringRef, llvm::StringRef, llvm::TargetOptions const&, llvm::Optional<llvm::Reloc::Model>, llvm::Optional<llvm::CodeModel::Model>, llvm::CodeGenOpt::Level, bool)+0x527
C  [libLLVM.dylib+0x29cc5ae]  llvm::RegisterTargetMachine<llvm::X86TargetMachine>::Allocator(llvm::Target const&, llvm::Triple const&, llvm::StringRef, llvm::StringRef, llvm::TargetOptions const&, llvm::Optional<llvm::Reloc::Model>, llvm::Optional<llvm::CodeModel::Model>, llvm::CodeGenOpt::Level, bool)+0x6e
C  [libLLVM.dylib+0x19e5812]  LLVMCreateTargetMachine+0x242
C  [libjniLLVM.dylib+0x47e35]  Java_org_bytedeco_llvm_global_LLVM_LLVMCreateTargetMachine__Lorg_bytedeco_llvm_LLVM_LLVMTargetRef_2Ljava_lang_String_2Ljava_lang_String_2Ljava_lang_String_2III+0x95
j  org.bytedeco.llvm.global.LLVM.LLVMCreateTargetMachine(Lorg/bytedeco/llvm/LLVM/LLVMTargetRef;Ljava/lang/String;Ljava/lang/String;Ljava/lang/String;III)Lorg/bytedeco/llvm/LLVM/LLVMTargetMachineRef;+0
j  mackycheese21.ferricoxide.ast.ll.compile.LLModuleWriter.write(Lmackycheese21/ferricoxide/ast/ll/mod/LLModule;Lorg/bytedeco/llvm/LLVM/LLVMModuleRef;)V+85
j  TestLL.main([Ljava/lang/String;)V+380
v  ~StubRoutines::call_stub
V  [libjvm.dylib+0x503b61]  JavaCalls::call_helper(JavaValue*, methodHandle const&, JavaCallArguments*, JavaThread*)+0x2a1
V  [libjvm.dylib+0x565ad2]  jni_invoke_static(JNIEnv_*, JavaValue*, _jobject*, JNICallType, _jmethodID*, JNI_ArgumentPusher*, JavaThread*)+0x152
V  [libjvm.dylib+0x56903e]  jni_CallStaticVoidMethod+0x19e
C  [libjli.dylib+0x50bf]  JavaMain+0x9bf
C  [libjli.dylib+0x77e9]  ThreadJavaMain+0x9
C  [libsystem_pthread.dylib+0x6109]  _pthread_start+0x94
C  [libsystem_pthread.dylib+0x1b8b]  thread_start+0xf

Java frames: (J=compiled Java code, j=interpreted, Vv=VM code)
j  org.bytedeco.llvm.global.LLVM.LLVMCreateTargetMachine(Lorg/bytedeco/llvm/LLVM/LLVMTargetRef;Ljava/lang/String;Ljava/lang/String;Ljava/lang/String;III)Lorg/bytedeco/llvm/LLVM/LLVMTargetMachineRef;+0
j  mackycheese21.ferricoxide.ast.ll.compile.LLModuleWriter.write(Lmackycheese21/ferricoxide/ast/ll/mod/LLModule;Lorg/bytedeco/llvm/LLVM/LLVMModuleRef;)V+85
j  TestLL.main([Ljava/lang/String;)V+380
v  ~StubRoutines::call_stub

siginfo: si_signo: 11 (SIGSEGV), si_code: 1 (SEGV_MAPERR), si_addr: 0x0000000000000000

Register to memory mapping:

RAX=0x0000000136c03e30: _ZZN4llvm18getTheX86_64TargetEvE15TheX86_64Target+0 in /Users/jackarmstrong/.javacpp/cache/llvm-12.0.1-1.5.6-macosx-x86_64.jar/org/bytedeco/llvm/macosx-x86_64/libLLVM.dylib at 0x0000000131f64000
RBX=0x00007fc1c9008200 points into unknown readable memory: 0x0000000136ab8120 | 20 81 ab 36 01 00 00 00
RCX=0x0000000000000019 is an unknown value
RDX=0x0 is NULL
RSP=0x0000700007c23530 is pointing into the stack for thread: 0x00007fc1c7008a00
RBP=0x0000700007c235c0 is pointing into the stack for thread: 0x00007fc1c7008a00
RSI=0x0000000000000001 is an unknown value
RDI=0x0 is NULL
R8 =0x00000000000003df is an unknown value
R9 =0x0000000000000414 is an unknown value
R10=0x00000000fff00000 is an unknown value
R11=0x0 is NULL
R12=0x0 is NULL
R13=0x0 is NULL
R14=0x0 is NULL
R15=0x00007fc1c4907c40 points into unknown readable memory: 0x612d34365f363878 | 78 38 36 5f 36 34 2d 61


Registers:
RAX=0x0000000136c03e30, RBX=0x00007fc1c9008200, RCX=0x0000000000000019, RDX=0x0000000000000000
RSP=0x0000700007c23530, RBP=0x0000700007c235c0, RSI=0x0000000000000001, RDI=0x0000000000000000
R8 =0x00000000000003df, R9 =0x0000000000000414, R10=0x00000000fff00000, R11=0x0000000000000000
R12=0x0000000000000000, R13=0x0000000000000000, R14=0x0000000000000000, R15=0x00007fc1c4907c40
RIP=0x00000001323c44a5, EFLAGS=0x0000000000010202, ERR=0x0000000000000004
  TRAPNO=0x000000000000000e

Top of Stack: (sp=0x0000700007c23530)
0x0000700007c23530:   0000000000000360 0000700007c23838
0x0000700007c23540:   00007fff99368000 0000000000000022
0x0000700007c23550:   0000700007c23580 00007fff72dc2d7a
0x0000700007c23560:   0000000000000004 0000000000000360
0x0000700007c23570:   0000000000000003 0000000000000022
0x0000700007c23580:   00007fc1c90083c1 00007fc1c4907c40
0x0000700007c23590:   0000000000000019 00007fc1c9008200
0x0000700007c235a0:   0000700007c23838 0000000000000001
0x0000700007c235b0:   00007fc1c4907e60 0000000000000022
0x0000700007c235c0:   0000700007c23660 000000013492ee47
0x0000700007c235d0:   0000000000000488 00007fc1c4c068f0
0x0000700007c235e0:   0000000000000007 00007fc1c4c068b0
0x0000700007c235f0:   0000000000000000 0000700007c23738
0x0000700007c23600:   0000000136c03e30 0000000000000007
0x0000700007c23610:   00007fc1c4c068f0 0000700007c23838
0x0000700007c23620:   0000000000000061 0000000000000046
0x0000700007c23630:   00007fc1c4a69040 0000000000000000
0x0000700007c23640:   00007fc1c9008200 0000700007c23838
0x0000700007c23650:   0000000000000000 0000000136c03e30
0x0000700007c23660:   0000700007c236f0 00000001349305ae
0x0000700007c23670:   00007fc1c4c068b0 0000000000000000
0x0000700007c23680:   0000000000000000 0000000000000000
0x0000700007c23690:   0000000000000003 0000000000000000
0x0000700007c236a0:   0000000000000019 00007fc1c4c068b0
0x0000700007c236b0:   0000000000000000 0000000000000007
0x0000700007c236c0:   00007fc1c4c068f0 0000000000000000
0x0000700007c236d0:   0000000000000000 0000000134930540
0x0000700007c236e0:   0000000000000000 0000000136c03e30
0x0000700007c236f0:   0000700007c23900 0000000133949812
0x0000700007c23700:   0000700007c23738 0000000000000000
0x0000700007c23710:   0000000000000000 0000000000000003
0x0000700007c23720:   0000000000000000 00000001339497e1 

Instructions: (pc=0x00000001323c44a5)
0x00000001323c43a5:   48 89 83 40 02 00 00 48 85 ff 0f 85 d6 fe ff ff
0x00000001323c43b5:   e9 d6 fe ff ff 45 31 f6 4c 8b 7d c0 48 8b bb 48
0x00000001323c43c5:   02 00 00 4c 89 b3 48 02 00 00 48 85 ff 74 06 48
0x00000001323c43d5:   8b 07 ff 50 08 48 8b 43 08 4c 8b b3 38 02 00 00
0x00000001323c43e5:   0f b6 8b c0 01 00 00 f6 c1 01 74 10 4c 8b bb d0
0x00000001323c43f5:   01 00 00 48 8b 8b c8 01 00 00 eb 03 48 d1 e9 4c
0x00000001323c4405:   89 7d c8 48 89 4d d0 4c 8b 68 30 4d 85 ed 0f 84
0x00000001323c4415:   ea 00 00 00 4c 8d bb d8 03 00 00 66 c7 45 b8 05
0x00000001323c4425:   01 48 8d 45 c8 48 89 45 a8 4c 8d a5 70 ff ff ff
0x00000001323c4435:   48 8d 75 a8 4c 89 e7 e8 7f 85 ca ff 4c 89 f7 4c
0x00000001323c4445:   89 e6 4c 89 fa 41 ff d5 49 89 c6 f6 85 70 ff ff
0x00000001323c4455:   ff 01 74 09 48 8b 7d 80 e8 1a 10 9f 02 83 bb 58
0x00000001323c4465:   03 00 00 00 7e 19 48 8b 83 58 03 00 00 41 89 86
0x00000001323c4475:   b0 01 00 00 48 c1 e8 20 41 89 86 b4 01 00 00 f6
0x00000001323c4485:   83 70 03 00 00 02 74 0b 49 8b 06 4c 89 f7 31 f6
0x00000001323c4495:   ff 50 50 0f b7 b3 d8 03 00 00 c1 ee 0b 83 e6 01
0x00000001323c44a5:   49 8b 06 4c 89 f7 ff 50 58 8b 83 74 03 00 00 41
0x00000001323c44b5:   89 86 bc 01 00 00 8a 83 78 03 00 00 24 01 41 88
0x00000001323c44c5:   86 c1 01 00 00 8b 83 d0 03 00 00 85 c0 74 07 41
0x00000001323c44d5:   89 86 84 01 00 00 48 8b bb 30 02 00 00 4c 89 b3
0x00000001323c44e5:   30 02 00 00 48 85 ff 74 06 48 8b 07 ff 50 08 48
0x00000001323c44f5:   83 c4 68 5b 41 5c 41 5d 41 5e 41 5f 5d c3 45 31
0x00000001323c4505:   f6 83 bb 58 03 00 00 00 0f 8f 58 ff ff ff e9 6c
0x00000001323c4515:   ff ff ff 0f 1f 84 00 00 00 00 00 55 48 89 e5 41
0x00000001323c4525:   57 41 56 41 55 41 54 53 50 48 89 fb 44 8b 75 40
0x00000001323c4535:   44 8b 7d 38 44 8b 65 30 4c 8b 55 20 48 8b 45 28
0x00000001323c4545:   4c 8b 5d 10 4c 8b 6d 18 50 41 52 41 55 41 53 e8
0x00000001323c4555:   e7 3e 58 01 48 83 c4 20 48 8d 05 2c 0e 2e 04 48
0x00000001323c4565:   89 03 44 89 a3 20 02 00 00 44 89 bb 24 02 00 00
0x00000001323c4575:   44 89 b3 28 02 00 00 80 3d dd 16 7e 04 00 74 07
0x00000001323c4585:   80 8b 78 03 00 00 80 48 83 c4 08 5b 41 5c 41 5d
0x00000001323c4595:   41 5e 41 5f 5d c3 0f 1f 44 00 00 55 48 89 e5 41 


Stack slot to memory mapping:
stack at sp + 0 slots: 0x0000000000000360 is an unknown value
stack at sp + 1 slots: 0x0000700007c23838 is pointing into the stack for thread: 0x00007fc1c7008a00
stack at sp + 2 slots: 0x00007fff99368000: virtual_default_zone+0 in /usr/lib/system/libsystem_malloc.dylib at 0x00007fff72dc2000
stack at sp + 3 slots: 0x0000000000000022 is an unknown value
stack at sp + 4 slots: 0x0000700007c23580 is pointing into the stack for thread: 0x00007fc1c7008a00
stack at sp + 5 slots: 0x00007fff72dc2d7a: malloc_zone_malloc+0x68 in /usr/lib/system/libsystem_malloc.dylib at 0x00007fff72dc2000
stack at sp + 6 slots: 0x0000000000000004 is an unknown value
stack at sp + 7 slots: 0x0000000000000360 is an unknown value


---------------  P R O C E S S  ---------------

Threads class SMR info:
_java_thread_list=0x00007fc1c49074a0, length=12, elements={
0x00007fc1c7008a00, 0x00007fc1c4008200, 0x00007fc1c4008c00, 0x00007fc1c5054000,
0x00007fc1c580a000, 0x00007fc1c4009200, 0x00007fc1c401fe00, 0x00007fc1c6031c00,
0x00007fc1c4020400, 0x00007fc1c50aee00, 0x00007fc1c708e400, 0x00007fc1c6808200
}

Java Threads: ( => current thread )
=>0x00007fc1c7008a00 JavaThread "main" [_thread_in_native, id=9731, stack(0x0000700007b24000,0x0000700007c24000)]
  0x00007fc1c4008200 JavaThread "Reference Handler" daemon [_thread_blocked, id=16899, stack(0x0000700008239000,0x0000700008339000)]
  0x00007fc1c4008c00 JavaThread "Finalizer" daemon [_thread_blocked, id=15875, stack(0x000070000833c000,0x000070000843c000)]
  0x00007fc1c5054000 JavaThread "Signal Dispatcher" daemon [_thread_blocked, id=22531, stack(0x0000700008545000,0x0000700008645000)]
  0x00007fc1c580a000 JavaThread "Service Thread" daemon [_thread_blocked, id=22787, stack(0x0000700008648000,0x0000700008748000)]
  0x00007fc1c4009200 JavaThread "Monitor Deflation Thread" daemon [_thread_blocked, id=41731, stack(0x000070000874b000,0x000070000884b000)]
  0x00007fc1c401fe00 JavaThread "C2 CompilerThread0" daemon [_thread_in_vm, id=23299, stack(0x000070000884e000,0x000070000894e000)]
  0x00007fc1c6031c00 JavaThread "C1 CompilerThread0" daemon [_thread_blocked, id=40963, stack(0x0000700008951000,0x0000700008a51000)]
  0x00007fc1c4020400 JavaThread "Sweeper thread" daemon [_thread_blocked, id=40451, stack(0x0000700008a54000,0x0000700008b54000)]
  0x00007fc1c50aee00 JavaThread "Notification Thread" daemon [_thread_blocked, id=23811, stack(0x0000700008b57000,0x0000700008c57000)]
  0x00007fc1c708e400 JavaThread "Common-Cleaner" daemon [_thread_blocked, id=40195, stack(0x0000700008d5d000,0x0000700008e5d000)]
  0x00007fc1c6808200 JavaThread "JavaCPP Deallocator" daemon [_thread_blocked, id=39939, stack(0x0000700008e60000,0x0000700008f60000)]

Other Threads:
  0x00007fc1c48193a0 VMThread "VM Thread" [stack: 0x0000700008136000,0x0000700008236000] [id=17411]
  0x00007fc1c3f060c0 WatcherThread [stack: 0x0000700008c5a000,0x0000700008d5a000] [id=24323]
  0x00007fc1c480eec0 GCTaskThread "GC Thread#0" [stack: 0x0000700007c27000,0x0000700007d27000] [id=19459]
  0x00007fc1c3e0def0 ConcurrentGCThread "G1 Main Marker" [stack: 0x0000700007d2a000,0x0000700007e2a000] [id=12291]
  0x00007fc1c3e0ec50 ConcurrentGCThread "G1 Conc#0" [stack: 0x0000700007e2d000,0x0000700007f2d000] [id=13059]
  0x00007fc1c4a09ef0 ConcurrentGCThread "G1 Refine#0" [stack: 0x0000700007f30000,0x0000700008030000] [id=18947]
  0x00007fc1c3e1b8a0 ConcurrentGCThread "G1 Service" [stack: 0x0000700008033000,0x0000700008133000] [id=13827]

Threads with active compile tasks:
C2 CompilerThread0      358  556       4       java.util.jar.JarFile::getEntry (35 bytes)

VM state: not at safepoint (normal execution)

VM Mutex/Monitor currently owned by a thread: None

Heap address: 0x0000000700000000, size: 4096 MB, Compressed Oops mode: Zero based, Oop shift amount: 3

CDS archive(s) mapped at: [0x0000000800000000-0x0000000800bd4000-0x0000000800bd4000), size 12402688, SharedBaseAddress: 0x0000000800000000, ArchiveRelocationMode: 0.
Compressed class space mapped at: 0x0000000800c00000-0x0000000840c00000, reserved size: 1073741824
Narrow klass base: 0x0000000800000000, Narrow klass shift: 0, Narrow klass range: 0x100000000

GC Precious Log:
 CPUs: 8 total, 8 available
 Memory: 16384M
 Large Page Support: Disabled
 NUMA Support: Disabled
 Compressed Oops: Enabled (Zero based)
 Heap Region Size: 2M
 Heap Min Capacity: 8M
 Heap Initial Capacity: 256M
 Heap Max Capacity: 4G
 Pre-touch: Disabled
 Parallel Workers: 8
 Concurrent Workers: 2
 Concurrent Refinement Workers: 8
 Periodic GC: Disabled

Heap:
 garbage-first heap   total 266240K, used 12244K [0x0000000700000000, 0x0000000800000000)
  region size 2048K, 7 young (14336K), 0 survivors (0K)
 Metaspace       used 2413K, committed 2560K, reserved 1056768K
  class space    used 249K, committed 320K, reserved 1048576K

Heap Regions: E=young(eden), S=young(survivor), O=old, HS=humongous(starts), HC=humongous(continues), CS=collection set, F=free, OA=open archive, CA=closed archive, TAMS=top-at-mark-start (previous, next)
|   0|0x0000000700000000, 0x0000000700000000, 0x0000000700200000|  0%| F|  |TAMS 0x0000000700000000, 0x0000000700000000| Untracked 
|   1|0x0000000700200000, 0x0000000700200000, 0x0000000700400000|  0%| F|  |TAMS 0x0000000700200000, 0x0000000700200000| Untracked 
|   2|0x0000000700400000, 0x0000000700400000, 0x0000000700600000|  0%| F|  |TAMS 0x0000000700400000, 0x0000000700400000| Untracked 
|   3|0x0000000700600000, 0x0000000700600000, 0x0000000700800000|  0%| F|  |TAMS 0x0000000700600000, 0x0000000700600000| Untracked 
|   4|0x0000000700800000, 0x0000000700800000, 0x0000000700a00000|  0%| F|  |TAMS 0x0000000700800000, 0x0000000700800000| Untracked 
|   5|0x0000000700a00000, 0x0000000700a00000, 0x0000000700c00000|  0%| F|  |TAMS 0x0000000700a00000, 0x0000000700a00000| Untracked 
|   6|0x0000000700c00000, 0x0000000700c00000, 0x0000000700e00000|  0%| F|  |TAMS 0x0000000700c00000, 0x0000000700c00000| Untracked 
|   7|0x0000000700e00000, 0x0000000700e00000, 0x0000000701000000|  0%| F|  |TAMS 0x0000000700e00000, 0x0000000700e00000| Untracked 
|   8|0x0000000701000000, 0x0000000701000000, 0x0000000701200000|  0%| F|  |TAMS 0x0000000701000000, 0x0000000701000000| Untracked 
|   9|0x0000000701200000, 0x0000000701200000, 0x0000000701400000|  0%| F|  |TAMS 0x0000000701200000, 0x0000000701200000| Untracked 
|  10|0x0000000701400000, 0x0000000701400000, 0x0000000701600000|  0%| F|  |TAMS 0x0000000701400000, 0x0000000701400000| Untracked 
|  11|0x0000000701600000, 0x0000000701600000, 0x0000000701800000|  0%| F|  |TAMS 0x0000000701600000, 0x0000000701600000| Untracked 
|  12|0x0000000701800000, 0x0000000701800000, 0x0000000701a00000|  0%| F|  |TAMS 0x0000000701800000, 0x0000000701800000| Untracked 
|  13|0x0000000701a00000, 0x0000000701a00000, 0x0000000701c00000|  0%| F|  |TAMS 0x0000000701a00000, 0x0000000701a00000| Untracked 
|  14|0x0000000701c00000, 0x0000000701c00000, 0x0000000701e00000|  0%| F|  |TAMS 0x0000000701c00000, 0x0000000701c00000| Untracked 
|  15|0x0000000701e00000, 0x0000000701e00000, 0x0000000702000000|  0%| F|  |TAMS 0x0000000701e00000, 0x0000000701e00000| Untracked 
|  16|0x0000000702000000, 0x0000000702000000, 0x0000000702200000|  0%| F|  |TAMS 0x0000000702000000, 0x0000000702000000| Untracked 
|  17|0x0000000702200000, 0x0000000702200000, 0x0000000702400000|  0%| F|  |TAMS 0x0000000702200000, 0x0000000702200000| Untracked 
|  18|0x0000000702400000, 0x0000000702400000, 0x0000000702600000|  0%| F|  |TAMS 0x0000000702400000, 0x0000000702400000| Untracked 
|  19|0x0000000702600000, 0x0000000702600000, 0x0000000702800000|  0%| F|  |TAMS 0x0000000702600000, 0x0000000702600000| Untracked 
|  20|0x0000000702800000, 0x0000000702800000, 0x0000000702a00000|  0%| F|  |TAMS 0x0000000702800000, 0x0000000702800000| Untracked 
|  21|0x0000000702a00000, 0x0000000702a00000, 0x0000000702c00000|  0%| F|  |TAMS 0x0000000702a00000, 0x0000000702a00000| Untracked 
|  22|0x0000000702c00000, 0x0000000702c00000, 0x0000000702e00000|  0%| F|  |TAMS 0x0000000702c00000, 0x0000000702c00000| Untracked 
|  23|0x0000000702e00000, 0x0000000702e00000, 0x0000000703000000|  0%| F|  |TAMS 0x0000000702e00000, 0x0000000702e00000| Untracked 
|  24|0x0000000703000000, 0x0000000703000000, 0x0000000703200000|  0%| F|  |TAMS 0x0000000703000000, 0x0000000703000000| Untracked 
|  25|0x0000000703200000, 0x0000000703200000, 0x0000000703400000|  0%| F|  |TAMS 0x0000000703200000, 0x0000000703200000| Untracked 
|  26|0x0000000703400000, 0x0000000703400000, 0x0000000703600000|  0%| F|  |TAMS 0x0000000703400000, 0x0000000703400000| Untracked 
|  27|0x0000000703600000, 0x0000000703600000, 0x0000000703800000|  0%| F|  |TAMS 0x0000000703600000, 0x0000000703600000| Untracked 
|  28|0x0000000703800000, 0x0000000703800000, 0x0000000703a00000|  0%| F|  |TAMS 0x0000000703800000, 0x0000000703800000| Untracked 
|  29|0x0000000703a00000, 0x0000000703a00000, 0x0000000703c00000|  0%| F|  |TAMS 0x0000000703a00000, 0x0000000703a00000| Untracked 
|  30|0x0000000703c00000, 0x0000000703c00000, 0x0000000703e00000|  0%| F|  |TAMS 0x0000000703c00000, 0x0000000703c00000| Untracked 
|  31|0x0000000703e00000, 0x0000000703e00000, 0x0000000704000000|  0%| F|  |TAMS 0x0000000703e00000, 0x0000000703e00000| Untracked 
|  32|0x0000000704000000, 0x0000000704000000, 0x0000000704200000|  0%| F|  |TAMS 0x0000000704000000, 0x0000000704000000| Untracked 
|  33|0x0000000704200000, 0x0000000704200000, 0x0000000704400000|  0%| F|  |TAMS 0x0000000704200000, 0x0000000704200000| Untracked 
|  34|0x0000000704400000, 0x0000000704400000, 0x0000000704600000|  0%| F|  |TAMS 0x0000000704400000, 0x0000000704400000| Untracked 
|  35|0x0000000704600000, 0x0000000704600000, 0x0000000704800000|  0%| F|  |TAMS 0x0000000704600000, 0x0000000704600000| Untracked 
|  36|0x0000000704800000, 0x0000000704800000, 0x0000000704a00000|  0%| F|  |TAMS 0x0000000704800000, 0x0000000704800000| Untracked 
|  37|0x0000000704a00000, 0x0000000704a00000, 0x0000000704c00000|  0%| F|  |TAMS 0x0000000704a00000, 0x0000000704a00000| Untracked 
|  38|0x0000000704c00000, 0x0000000704c00000, 0x0000000704e00000|  0%| F|  |TAMS 0x0000000704c00000, 0x0000000704c00000| Untracked 
|  39|0x0000000704e00000, 0x0000000704e00000, 0x0000000705000000|  0%| F|  |TAMS 0x0000000704e00000, 0x0000000704e00000| Untracked 
|  40|0x0000000705000000, 0x0000000705000000, 0x0000000705200000|  0%| F|  |TAMS 0x0000000705000000, 0x0000000705000000| Untracked 
|  41|0x0000000705200000, 0x0000000705200000, 0x0000000705400000|  0%| F|  |TAMS 0x0000000705200000, 0x0000000705200000| Untracked 
|  42|0x0000000705400000, 0x0000000705400000, 0x0000000705600000|  0%| F|  |TAMS 0x0000000705400000, 0x0000000705400000| Untracked 
|  43|0x0000000705600000, 0x0000000705600000, 0x0000000705800000|  0%| F|  |TAMS 0x0000000705600000, 0x0000000705600000| Untracked 
|  44|0x0000000705800000, 0x0000000705800000, 0x0000000705a00000|  0%| F|  |TAMS 0x0000000705800000, 0x0000000705800000| Untracked 
|  45|0x0000000705a00000, 0x0000000705a00000, 0x0000000705c00000|  0%| F|  |TAMS 0x0000000705a00000, 0x0000000705a00000| Untracked 
|  46|0x0000000705c00000, 0x0000000705c00000, 0x0000000705e00000|  0%| F|  |TAMS 0x0000000705c00000, 0x0000000705c00000| Untracked 
|  47|0x0000000705e00000, 0x0000000705e00000, 0x0000000706000000|  0%| F|  |TAMS 0x0000000705e00000, 0x0000000705e00000| Untracked 
|  48|0x0000000706000000, 0x0000000706000000, 0x0000000706200000|  0%| F|  |TAMS 0x0000000706000000, 0x0000000706000000| Untracked 
|  49|0x0000000706200000, 0x0000000706200000, 0x0000000706400000|  0%| F|  |TAMS 0x0000000706200000, 0x0000000706200000| Untracked 
|  50|0x0000000706400000, 0x0000000706400000, 0x0000000706600000|  0%| F|  |TAMS 0x0000000706400000, 0x0000000706400000| Untracked 
|  51|0x0000000706600000, 0x0000000706600000, 0x0000000706800000|  0%| F|  |TAMS 0x0000000706600000, 0x0000000706600000| Untracked 
|  52|0x0000000706800000, 0x0000000706800000, 0x0000000706a00000|  0%| F|  |TAMS 0x0000000706800000, 0x0000000706800000| Untracked 
|  53|0x0000000706a00000, 0x0000000706a00000, 0x0000000706c00000|  0%| F|  |TAMS 0x0000000706a00000, 0x0000000706a00000| Untracked 
|  54|0x0000000706c00000, 0x0000000706c00000, 0x0000000706e00000|  0%| F|  |TAMS 0x0000000706c00000, 0x0000000706c00000| Untracked 
|  55|0x0000000706e00000, 0x0000000706e00000, 0x0000000707000000|  0%| F|  |TAMS 0x0000000706e00000, 0x0000000706e00000| Untracked 
|  56|0x0000000707000000, 0x0000000707000000, 0x0000000707200000|  0%| F|  |TAMS 0x0000000707000000, 0x0000000707000000| Untracked 
|  57|0x0000000707200000, 0x0000000707200000, 0x0000000707400000|  0%| F|  |TAMS 0x0000000707200000, 0x0000000707200000| Untracked 
|  58|0x0000000707400000, 0x0000000707400000, 0x0000000707600000|  0%| F|  |TAMS 0x0000000707400000, 0x0000000707400000| Untracked 
|  59|0x0000000707600000, 0x0000000707600000, 0x0000000707800000|  0%| F|  |TAMS 0x0000000707600000, 0x0000000707600000| Untracked 
|  60|0x0000000707800000, 0x0000000707800000, 0x0000000707a00000|  0%| F|  |TAMS 0x0000000707800000, 0x0000000707800000| Untracked 
|  61|0x0000000707a00000, 0x0000000707a00000, 0x0000000707c00000|  0%| F|  |TAMS 0x0000000707a00000, 0x0000000707a00000| Untracked 
|  62|0x0000000707c00000, 0x0000000707c00000, 0x0000000707e00000|  0%| F|  |TAMS 0x0000000707c00000, 0x0000000707c00000| Untracked 
|  63|0x0000000707e00000, 0x0000000707e00000, 0x0000000708000000|  0%| F|  |TAMS 0x0000000707e00000, 0x0000000707e00000| Untracked 
|  64|0x0000000708000000, 0x0000000708000000, 0x0000000708200000|  0%| F|  |TAMS 0x0000000708000000, 0x0000000708000000| Untracked 
|  65|0x0000000708200000, 0x0000000708200000, 0x0000000708400000|  0%| F|  |TAMS 0x0000000708200000, 0x0000000708200000| Untracked 
|  66|0x0000000708400000, 0x0000000708400000, 0x0000000708600000|  0%| F|  |TAMS 0x0000000708400000, 0x0000000708400000| Untracked 
|  67|0x0000000708600000, 0x0000000708600000, 0x0000000708800000|  0%| F|  |TAMS 0x0000000708600000, 0x0000000708600000| Untracked 
|  68|0x0000000708800000, 0x0000000708800000, 0x0000000708a00000|  0%| F|  |TAMS 0x0000000708800000, 0x0000000708800000| Untracked 
|  69|0x0000000708a00000, 0x0000000708a00000, 0x0000000708c00000|  0%| F|  |TAMS 0x0000000708a00000, 0x0000000708a00000| Untracked 
|  70|0x0000000708c00000, 0x0000000708c00000, 0x0000000708e00000|  0%| F|  |TAMS 0x0000000708c00000, 0x0000000708c00000| Untracked 
|  71|0x0000000708e00000, 0x0000000708e00000, 0x0000000709000000|  0%| F|  |TAMS 0x0000000708e00000, 0x0000000708e00000| Untracked 
|  72|0x0000000709000000, 0x0000000709000000, 0x0000000709200000|  0%| F|  |TAMS 0x0000000709000000, 0x0000000709000000| Untracked 
|  73|0x0000000709200000, 0x0000000709200000, 0x0000000709400000|  0%| F|  |TAMS 0x0000000709200000, 0x0000000709200000| Untracked 
|  74|0x0000000709400000, 0x0000000709400000, 0x0000000709600000|  0%| F|  |TAMS 0x0000000709400000, 0x0000000709400000| Untracked 
|  75|0x0000000709600000, 0x0000000709600000, 0x0000000709800000|  0%| F|  |TAMS 0x0000000709600000, 0x0000000709600000| Untracked 
|  76|0x0000000709800000, 0x0000000709800000, 0x0000000709a00000|  0%| F|  |TAMS 0x0000000709800000, 0x0000000709800000| Untracked 
|  77|0x0000000709a00000, 0x0000000709a00000, 0x0000000709c00000|  0%| F|  |TAMS 0x0000000709a00000, 0x0000000709a00000| Untracked 
|  78|0x0000000709c00000, 0x0000000709c00000, 0x0000000709e00000|  0%| F|  |TAMS 0x0000000709c00000, 0x0000000709c00000| Untracked 
|  79|0x0000000709e00000, 0x0000000709e00000, 0x000000070a000000|  0%| F|  |TAMS 0x0000000709e00000, 0x0000000709e00000| Untracked 
|  80|0x000000070a000000, 0x000000070a000000, 0x000000070a200000|  0%| F|  |TAMS 0x000000070a000000, 0x000000070a000000| Untracked 
|  81|0x000000070a200000, 0x000000070a200000, 0x000000070a400000|  0%| F|  |TAMS 0x000000070a200000, 0x000000070a200000| Untracked 
|  82|0x000000070a400000, 0x000000070a400000, 0x000000070a600000|  0%| F|  |TAMS 0x000000070a400000, 0x000000070a400000| Untracked 
|  83|0x000000070a600000, 0x000000070a600000, 0x000000070a800000|  0%| F|  |TAMS 0x000000070a600000, 0x000000070a600000| Untracked 
|  84|0x000000070a800000, 0x000000070a800000, 0x000000070aa00000|  0%| F|  |TAMS 0x000000070a800000, 0x000000070a800000| Untracked 
|  85|0x000000070aa00000, 0x000000070aa00000, 0x000000070ac00000|  0%| F|  |TAMS 0x000000070aa00000, 0x000000070aa00000| Untracked 
|  86|0x000000070ac00000, 0x000000070ac00000, 0x000000070ae00000|  0%| F|  |TAMS 0x000000070ac00000, 0x000000070ac00000| Untracked 
|  87|0x000000070ae00000, 0x000000070ae00000, 0x000000070b000000|  0%| F|  |TAMS 0x000000070ae00000, 0x000000070ae00000| Untracked 
|  88|0x000000070b000000, 0x000000070b000000, 0x000000070b200000|  0%| F|  |TAMS 0x000000070b000000, 0x000000070b000000| Untracked 
|  89|0x000000070b200000, 0x000000070b200000, 0x000000070b400000|  0%| F|  |TAMS 0x000000070b200000, 0x000000070b200000| Untracked 
|  90|0x000000070b400000, 0x000000070b400000, 0x000000070b600000|  0%| F|  |TAMS 0x000000070b400000, 0x000000070b400000| Untracked 
|  91|0x000000070b600000, 0x000000070b600000, 0x000000070b800000|  0%| F|  |TAMS 0x000000070b600000, 0x000000070b600000| Untracked 
|  92|0x000000070b800000, 0x000000070b800000, 0x000000070ba00000|  0%| F|  |TAMS 0x000000070b800000, 0x000000070b800000| Untracked 
|  93|0x000000070ba00000, 0x000000070ba00000, 0x000000070bc00000|  0%| F|  |TAMS 0x000000070ba00000, 0x000000070ba00000| Untracked 
|  94|0x000000070bc00000, 0x000000070bc00000, 0x000000070be00000|  0%| F|  |TAMS 0x000000070bc00000, 0x000000070bc00000| Untracked 
|  95|0x000000070be00000, 0x000000070be00000, 0x000000070c000000|  0%| F|  |TAMS 0x000000070be00000, 0x000000070be00000| Untracked 
|  96|0x000000070c000000, 0x000000070c000000, 0x000000070c200000|  0%| F|  |TAMS 0x000000070c000000, 0x000000070c000000| Untracked 
|  97|0x000000070c200000, 0x000000070c200000, 0x000000070c400000|  0%| F|  |TAMS 0x000000070c200000, 0x000000070c200000| Untracked 
|  98|0x000000070c400000, 0x000000070c400000, 0x000000070c600000|  0%| F|  |TAMS 0x000000070c400000, 0x000000070c400000| Untracked 
|  99|0x000000070c600000, 0x000000070c600000, 0x000000070c800000|  0%| F|  |TAMS 0x000000070c600000, 0x000000070c600000| Untracked 
| 100|0x000000070c800000, 0x000000070c800000, 0x000000070ca00000|  0%| F|  |TAMS 0x000000070c800000, 0x000000070c800000| Untracked 
| 101|0x000000070ca00000, 0x000000070ca00000, 0x000000070cc00000|  0%| F|  |TAMS 0x000000070ca00000, 0x000000070ca00000| Untracked 
| 102|0x000000070cc00000, 0x000000070cc00000, 0x000000070ce00000|  0%| F|  |TAMS 0x000000070cc00000, 0x000000070cc00000| Untracked 
| 103|0x000000070ce00000, 0x000000070ce00000, 0x000000070d000000|  0%| F|  |TAMS 0x000000070ce00000, 0x000000070ce00000| Untracked 
| 104|0x000000070d000000, 0x000000070d000000, 0x000000070d200000|  0%| F|  |TAMS 0x000000070d000000, 0x000000070d000000| Untracked 
| 105|0x000000070d200000, 0x000000070d200000, 0x000000070d400000|  0%| F|  |TAMS 0x000000070d200000, 0x000000070d200000| Untracked 
| 106|0x000000070d400000, 0x000000070d400000, 0x000000070d600000|  0%| F|  |TAMS 0x000000070d400000, 0x000000070d400000| Untracked 
| 107|0x000000070d600000, 0x000000070d600000, 0x000000070d800000|  0%| F|  |TAMS 0x000000070d600000, 0x000000070d600000| Untracked 
| 108|0x000000070d800000, 0x000000070d800000, 0x000000070da00000|  0%| F|  |TAMS 0x000000070d800000, 0x000000070d800000| Untracked 
| 109|0x000000070da00000, 0x000000070da00000, 0x000000070dc00000|  0%| F|  |TAMS 0x000000070da00000, 0x000000070da00000| Untracked 
| 110|0x000000070dc00000, 0x000000070dc00000, 0x000000070de00000|  0%| F|  |TAMS 0x000000070dc00000, 0x000000070dc00000| Untracked 
| 111|0x000000070de00000, 0x000000070de00000, 0x000000070e000000|  0%| F|  |TAMS 0x000000070de00000, 0x000000070de00000| Untracked 
| 112|0x000000070e000000, 0x000000070e000000, 0x000000070e200000|  0%| F|  |TAMS 0x000000070e000000, 0x000000070e000000| Untracked 
| 113|0x000000070e200000, 0x000000070e200000, 0x000000070e400000|  0%| F|  |TAMS 0x000000070e200000, 0x000000070e200000| Untracked 
| 114|0x000000070e400000, 0x000000070e400000, 0x000000070e600000|  0%| F|  |TAMS 0x000000070e400000, 0x000000070e400000| Untracked 
| 115|0x000000070e600000, 0x000000070e600000, 0x000000070e800000|  0%| F|  |TAMS 0x000000070e600000, 0x000000070e600000| Untracked 
| 116|0x000000070e800000, 0x000000070e800000, 0x000000070ea00000|  0%| F|  |TAMS 0x000000070e800000, 0x000000070e800000| Untracked 
| 117|0x000000070ea00000, 0x000000070ea00000, 0x000000070ec00000|  0%| F|  |TAMS 0x000000070ea00000, 0x000000070ea00000| Untracked 
| 118|0x000000070ec00000, 0x000000070ec00000, 0x000000070ee00000|  0%| F|  |TAMS 0x000000070ec00000, 0x000000070ec00000| Untracked 
| 119|0x000000070ee00000, 0x000000070ee00000, 0x000000070f000000|  0%| F|  |TAMS 0x000000070ee00000, 0x000000070ee00000| Untracked 
| 120|0x000000070f000000, 0x000000070f000000, 0x000000070f200000|  0%| F|  |TAMS 0x000000070f000000, 0x000000070f000000| Untracked 
| 121|0x000000070f200000, 0x000000070f400000, 0x000000070f400000|100%| E|  |TAMS 0x000000070f200000, 0x000000070f200000| Complete 
| 122|0x000000070f400000, 0x000000070f600000, 0x000000070f600000|100%| E|CS|TAMS 0x000000070f400000, 0x000000070f400000| Complete 
| 123|0x000000070f600000, 0x000000070f800000, 0x000000070f800000|100%| E|CS|TAMS 0x000000070f600000, 0x000000070f600000| Complete 
| 124|0x000000070f800000, 0x000000070fa00000, 0x000000070fa00000|100%| E|CS|TAMS 0x000000070f800000, 0x000000070f800000| Complete 
| 125|0x000000070fa00000, 0x000000070fc00000, 0x000000070fc00000|100%| E|  |TAMS 0x000000070fa00000, 0x000000070fa00000| Complete 
| 126|0x000000070fc00000, 0x000000070fe00000, 0x000000070fe00000|100%| E|CS|TAMS 0x000000070fc00000, 0x000000070fc00000| Complete 
| 127|0x000000070fe00000, 0x0000000710000000, 0x0000000710000000|100%| E|CS|TAMS 0x000000070fe00000, 0x000000070fe00000| Complete 
|2046|0x00000007ffc00000, 0x00000007ffd76000, 0x00000007ffe00000| 73%|OA|  |TAMS 0x00000007ffc00000, 0x00000007ffc00000| Untracked 
|2047|0x00000007ffe00000, 0x00000007ffe7f000, 0x0000000800000000| 24%|CA|  |TAMS 0x00000007ffe00000, 0x00000007ffe00000| Untracked 

Card table byte_map: [0x0000000124871000,0x0000000125071000] _byte_map_base: 0x0000000121071000

Marking Bits (Prev, Next): (CMBitMap*) 0x00007fc1c7008210, (CMBitMap*) 0x00007fc1c7008250
 Prev Bits: [0x0000000125871000, 0x0000000129871000)
 Next Bits: [0x0000000129871000, 0x000000012d871000)

Polling page: 0x000000010afe2000

Metaspace:

Usage:
  Non-class:      2.11 MB used.
      Class:    249.03 KB used.
       Both:      2.36 MB used.

Virtual space:
  Non-class space:        8.00 MB reserved,       2.19 MB ( 27%) committed,  1 nodes.
      Class space:        1.00 GB reserved,     320.00 KB ( <1%) committed,  1 nodes.
             Both:        1.01 GB reserved,       2.50 MB ( <1%) committed. 

Chunk freelists:
   Non-Class:  3.06 MB
       Class:  3.59 MB
        Both:  6.66 MB

MaxMetaspaceSize: unlimited
CompressedClassSpaceSize: 1.00 GB
Initial GC threshold: 21.00 MB
Current GC threshold: 21.00 MB
CDS: on
MetaspaceReclaimPolicy: balanced
 - commit_granule_bytes: 65536.
 - commit_granule_words: 8192.
 - virtual_space_node_default_size: 1048576.
 - enlarge_chunks_in_place: 1.
 - new_chunks_are_fully_committed: 0.
 - uncommit_free_chunks: 1.
 - use_allocation_guard: 0.
 - handle_deallocations: 1.


Internal statistics:

num_allocs_failed_limit: 0.
num_arena_births: 48.
num_arena_deaths: 0.
num_vsnodes_births: 2.
num_vsnodes_deaths: 0.
num_space_committed: 40.
num_space_uncommitted: 0.
num_chunks_returned_to_freelist: 0.
num_chunks_taken_from_freelist: 97.
num_chunk_merges: 0.
num_chunk_splits: 69.
num_chunks_enlarged: 52.
num_purges: 0.
num_inconsistent_stats: 0.

CodeHeap 'non-profiled nmethods': size=120028Kb used=225Kb max_used=225Kb free=119802Kb
 bounds [0x000000011d33a000, 0x000000011d5aa000, 0x0000000124871000]
CodeHeap 'profiled nmethods': size=120028Kb used=1015Kb max_used=1015Kb free=119012Kb
 bounds [0x0000000115e03000, 0x0000000116073000, 0x000000011d33a000]
CodeHeap 'non-nmethods': size=5704Kb used=1130Kb max_used=1151Kb free=4573Kb
 bounds [0x0000000115871000, 0x0000000115ae1000, 0x0000000115e03000]
 total_blobs=1051 nmethods=634 adapters=331
 compilation: enabled
              stopped_count=0, restarted_count=0
 full_count=0

Compilation events (20 events):
Event: 0.338 Thread 0x00007fc1c6031c00  631       3       java.nio.ByteBuffer::position (8 bytes)
Event: 0.339 Thread 0x00007fc1c6031c00 nmethod 631 0x0000000115efd310 code [0x0000000115efd4c0, 0x0000000115efd600]
Event: 0.339 Thread 0x00007fc1c6031c00  632       3       java.io.File::exists (34 bytes)
Event: 0.340 Thread 0x00007fc1c6031c00 nmethod 632 0x0000000115efd690 code [0x0000000115efd880, 0x0000000115efdd20]
Event: 0.340 Thread 0x00007fc1c6031c00  634       3       java.lang.reflect.Method::getParameterCount (6 bytes)
Event: 0.340 Thread 0x00007fc1c6031c00 nmethod 634 0x0000000115efdf10 code [0x0000000115efe0a0, 0x0000000115efe1b0]
Event: 0.340 Thread 0x00007fc1c6031c00  636       3       java.util.regex.Pattern::isSupplementary (21 bytes)
Event: 0.340 Thread 0x00007fc1c6031c00 nmethod 636 0x0000000115efe290 code [0x0000000115efe440, 0x0000000115efe6b0]
Event: 0.340 Thread 0x00007fc1c6031c00  637       3       java.lang.Character::isSurrogate (18 bytes)
Event: 0.340 Thread 0x00007fc1c6031c00 nmethod 637 0x0000000115efe790 code [0x0000000115efe920, 0x0000000115efeab0]
Event: 0.340 Thread 0x00007fc1c6031c00  635       3       sun.reflect.annotation.AnnotationInvocationHandler::invoke (178 bytes)
Event: 0.341 Thread 0x00007fc1c6031c00 nmethod 635 0x0000000115efeb10 code [0x0000000115efee20, 0x0000000115efff80]
Event: 0.341 Thread 0x00007fc1c6031c00  633       3       java.util.ArrayList::contains (14 bytes)
Event: 0.341 Thread 0x00007fc1c6031c00 nmethod 633 0x0000000115f00490 code [0x0000000115f00640, 0x0000000115f00860]
Event: 0.341 Thread 0x00007fc1c401fe00 nmethod 533 0x000000011d36e090 code [0x000000011d36e2a0, 0x000000011d36ef00]
Event: 0.341 Thread 0x00007fc1c401fe00  559   !   4       jdk.internal.loader.URLClassPath$JarLoader::ensureOpen (36 bytes)
Event: 0.342 Thread 0x00007fc1c6031c00  638       3       jdk.internal.loader.NativeLibraries$NativeLibraryImpl::find (6 bytes)
Event: 0.343 Thread 0x00007fc1c6031c00 nmethod 638 0x0000000115f00990 code [0x0000000115f00b40, 0x0000000115f00c60]
Event: 0.343 Thread 0x00007fc1c401fe00 nmethod 559 0x000000011d36fe90 code [0x000000011d370040, 0x000000011d3701d8]
Event: 0.343 Thread 0x00007fc1c401fe00  568       4       java.lang.String::startsWith (7 bytes)

GC Heap History (0 events):
No events

Deoptimization events (20 events):
Event: 0.164 Thread 0x00007fc1c7008a00 DEOPT PACKING pc=0x000000011d353d04 sp=0x0000700007c22740
Event: 0.164 Thread 0x00007fc1c7008a00 DEOPT UNPACKING pc=0x00000001158c3099 sp=0x0000700007c226c0 mode 2
Event: 0.198 Thread 0x00007fc1c7008a00 DEOPT PACKING pc=0x0000000115e6e56e sp=0x0000700007c21c10
Event: 0.198 Thread 0x00007fc1c7008a00 DEOPT UNPACKING pc=0x00000001158c382f sp=0x0000700007c21080 mode 0
Event: 0.204 Thread 0x00007fc1c7008a00 DEOPT PACKING pc=0x0000000115e6e56e sp=0x0000700007c22350
Event: 0.204 Thread 0x00007fc1c7008a00 DEOPT UNPACKING pc=0x00000001158c382f sp=0x0000700007c217c0 mode 0
Event: 0.206 Thread 0x00007fc1c7008a00 DEOPT PACKING pc=0x0000000115e6e56e sp=0x0000700007c221d0
Event: 0.206 Thread 0x00007fc1c7008a00 DEOPT UNPACKING pc=0x00000001158c382f sp=0x0000700007c21640 mode 0
Event: 0.212 Thread 0x00007fc1c7008a00 DEOPT PACKING pc=0x0000000115e6e56e sp=0x0000700007c21250
Event: 0.212 Thread 0x00007fc1c7008a00 DEOPT UNPACKING pc=0x00000001158c382f sp=0x0000700007c206c0 mode 0
Event: 0.216 Thread 0x00007fc1c7008a00 DEOPT PACKING pc=0x0000000115e6e56e sp=0x0000700007c1fcd0
Event: 0.216 Thread 0x00007fc1c7008a00 DEOPT UNPACKING pc=0x00000001158c382f sp=0x0000700007c1f140 mode 0
Event: 0.224 Thread 0x00007fc1c7008a00 DEOPT PACKING pc=0x0000000115e6e56e sp=0x0000700007c22c20
Event: 0.224 Thread 0x00007fc1c7008a00 DEOPT UNPACKING pc=0x00000001158c382f sp=0x0000700007c22090 mode 0
Event: 0.230 Thread 0x00007fc1c7008a00 DEOPT PACKING pc=0x0000000115e6e56e sp=0x0000700007c227b0
Event: 0.230 Thread 0x00007fc1c7008a00 DEOPT UNPACKING pc=0x00000001158c382f sp=0x0000700007c21c20 mode 0
Event: 0.232 Thread 0x00007fc1c7008a00 DEOPT PACKING pc=0x0000000115e6e56e sp=0x0000700007c227b0
Event: 0.232 Thread 0x00007fc1c7008a00 DEOPT UNPACKING pc=0x00000001158c382f sp=0x0000700007c21c20 mode 0
Event: 0.233 Thread 0x00007fc1c7008a00 DEOPT PACKING pc=0x0000000115e6e56e sp=0x0000700007c227d0
Event: 0.233 Thread 0x00007fc1c7008a00 DEOPT UNPACKING pc=0x00000001158c382f sp=0x0000700007c21c40 mode 0

Classes unloaded (0 events):
No events

Classes redefined (0 events):
No events

Internal exceptions (7 events):
Event: 0.096 Thread 0x00007fc1c7008a00 Exception <a 'java/lang/NoSuchMethodError'{0x000000070ffd7450}: 'void java.lang.invoke.DirectMethodHandle$Holder.invokeStatic(java.lang.Object, java.lang.Object, java.lang.Object)'> (0x000000070ffd7450) 
thrown [open/src/hotspot/share/interpreter/linkResolver.cpp, line 766]
Event: 0.146 Thread 0x00007fc1c7008a00 Exception <a 'java/lang/NoSuchMethodError'{0x000000070f8bc9f8}: 'int java.lang.invoke.DirectMethodHandle$Holder.invokeStaticInit(java.lang.Object, java.lang.Object, java.lang.Object, java.lang.Object)'> (0x000000070f8bc9f8) 
thrown [open/src/hotspot/share/interpreter/linkResolver.cpp, line 766]
Event: 0.148 Thread 0x00007fc1c7008a00 Exception <a 'java/lang/NoSuchMethodError'{0x000000070f8c6160}: 'java.lang.Object java.lang.invoke.DirectMethodHandle$Holder.invokeInterface(java.lang.Object, java.lang.Object)'> (0x000000070f8c6160) 
thrown [open/src/hotspot/share/interpreter/linkResolver.cpp, line 766]
Event: 0.149 Thread 0x00007fc1c7008a00 Exception <a 'java/lang/IncompatibleClassChangeError'{0x000000070f8c97d8}: Found class java.lang.Object, but interface was expected> (0x000000070f8c97d8) 
thrown [open/src/hotspot/share/interpreter/linkResolver.cpp, line 833]
Event: 0.149 Thread 0x00007fc1c7008a00 Exception <a 'java/lang/NoSuchMethodError'{0x000000070f8cc830}: 'void java.lang.invoke.DirectMethodHandle$Holder.invokeStatic(java.lang.Object, java.lang.Object)'> (0x000000070f8cc830) 
thrown [open/src/hotspot/share/interpreter/linkResolver.cpp, line 766]
Event: 0.150 Thread 0x00007fc1c7008a00 Exception <a 'java/lang/NoSuchMethodError'{0x000000070f8cfea0}: 'void java.lang.invoke.DirectMethodHandle$Holder.invokeStaticInit(java.lang.Object, java.lang.Object)'> (0x000000070f8cfea0) 
thrown [open/src/hotspot/share/interpreter/linkResolver.cpp, line 766]
Event: 0.151 Thread 0x00007fc1c7008a00 Exception <a 'java/lang/NoSuchMethodError'{0x000000070f8d5f88}: 'int java.lang.invoke.DirectMethodHandle$Holder.invokeStaticInit(java.lang.Object, java.lang.Object)'> (0x000000070f8d5f88) 
thrown [open/src/hotspot/share/interpreter/linkResolver.cpp, line 766]

VM Operations (0 events):
No events

Events (20 events):
Event: 0.337 loading class sun/nio/ch/FileChannelImpl$Closer
Event: 0.337 loading class sun/nio/ch/FileChannelImpl$Closer done
Event: 0.337 loading class java/nio/channels/Channels
Event: 0.337 loading class java/nio/channels/Channels done
Event: 0.337 loading class java/nio/channels/Channels$1
Event: 0.338 loading class java/nio/channels/Channels$1 done
Event: 0.338 loading class java/nio/channels/SelectableChannel
Event: 0.338 loading class java/nio/channels/SelectableChannel done
Event: 0.338 loading class sun/nio/ch/NativeThread
Event: 0.338 loading class sun/nio/ch/NativeThread done
Event: 0.338 loading class sun/nio/ch/Util
Event: 0.338 loading class sun/nio/ch/Util done
Event: 0.338 loading class sun/nio/ch/Util$1
Event: 0.338 loading class sun/nio/ch/Util$1 done
Event: 0.338 loading class sun/nio/ch/Util$BufferCache
Event: 0.338 loading class sun/nio/ch/Util$BufferCache done
Event: 0.338 loading class java/nio/DirectByteBuffer$Deallocator
Event: 0.338 loading class java/nio/DirectByteBuffer$Deallocator done
Event: 0.339 loading class sun/nio/ch/IOStatus
Event: 0.339 loading class sun/nio/ch/IOStatus done


Dynamic libraries:
0x00007fff7212d000 	/usr/lib/libz.1.dylib
0x000000010afaa000 	/Users/jackarmstrong/Library/Java/JavaVirtualMachines/openjdk-17.0.1/Contents/Home/lib/libjli.dylib
0x00007fff37c7c000 	/System/Library/Frameworks/Cocoa.framework/Versions/A/Cocoa
0x00007fff45471000 	/System/Library/Frameworks/Security.framework/Versions/A/Security
0x00007fff36be1000 	/System/Library/Frameworks/ApplicationServices.framework/Versions/A/ApplicationServices
0x00007fff6fbf1000 	/usr/lib/libSystem.B.dylib
0x00007fff729ee000 	/usr/lib/system/libcache.dylib
0x00007fff729f4000 	/usr/lib/system/libcommonCrypto.dylib
0x00007fff72a00000 	/usr/lib/system/libcompiler_rt.dylib
0x00007fff72a08000 	/usr/lib/system/libcopyfile.dylib
0x00007fff72a12000 	/usr/lib/system/libcorecrypto.dylib
0x00007fff72bb1000 	/usr/lib/system/libdispatch.dylib
0x00007fff72bf2000 	/usr/lib/system/libdyld.dylib
0x00007fff72c29000 	/usr/lib/system/libkeymgr.dylib
0x00007fff72c37000 	/usr/lib/system/liblaunch.dylib
0x00007fff72c38000 	/usr/lib/system/libmacho.dylib
0x00007fff72c3e000 	/usr/lib/system/libquarantine.dylib
0x00007fff72c41000 	/usr/lib/system/libremovefile.dylib
0x00007fff72c43000 	/usr/lib/system/libsystem_asl.dylib
0x00007fff72c5b000 	/usr/lib/system/libsystem_blocks.dylib
0x00007fff72c5c000 	/usr/lib/system/libsystem_c.dylib
0x00007fff72ce4000 	/usr/lib/system/libsystem_configuration.dylib
0x00007fff72ce8000 	/usr/lib/system/libsystem_coreservices.dylib
0x00007fff72cec000 	/usr/lib/system/libsystem_darwin.dylib
0x00007fff72cf5000 	/usr/lib/system/libsystem_dnssd.dylib
0x00007fff72cfd000 	/usr/lib/system/libsystem_featureflags.dylib
0x00007fff72cff000 	/usr/lib/system/libsystem_info.dylib
0x00007fff72d7a000 	/usr/lib/system/libsystem_m.dylib
0x00007fff72dc2000 	/usr/lib/system/libsystem_malloc.dylib
0x00007fff72dea000 	/usr/lib/system/libsystem_networkextension.dylib
0x00007fff72df8000 	/usr/lib/system/libsystem_notify.dylib
0x00007fff72e16000 	/usr/lib/system/libsystem_sandbox.dylib
0x00007fff72e1b000 	/usr/lib/system/libsystem_secinit.dylib
0x00007fff72d4d000 	/usr/lib/system/libsystem_kernel.dylib
0x00007fff72e02000 	/usr/lib/system/libsystem_platform.dylib
0x00007fff72e0b000 	/usr/lib/system/libsystem_pthread.dylib
0x00007fff72e1e000 	/usr/lib/system/libsystem_symptoms.dylib
0x00007fff72e26000 	/usr/lib/system/libsystem_trace.dylib
0x00007fff72e3e000 	/usr/lib/system/libunwind.dylib
0x00007fff72e44000 	/usr/lib/system/libxpc.dylib
0x00007fff71a51000 	/usr/lib/libobjc.A.dylib
0x00007fff6ff2a000 	/usr/lib/libc++abi.dylib
0x00007fff6fed7000 	/usr/lib/libc++.1.dylib
0x00007fff38b1e000 	/System/Library/Frameworks/CoreFoundation.framework/Versions/A/CoreFoundation
0x00007fff3b1db000 	/System/Library/Frameworks/Foundation.framework/Versions/C/Foundation
0x00007fff35dd1000 	/System/Library/Frameworks/AppKit.framework/Versions/C/AppKit
0x00007fff38600000 	/System/Library/Frameworks/CoreData.framework/Versions/A/CoreData
0x00007fff69c07000 	/System/Library/PrivateFrameworks/UIFoundation.framework/Versions/A/UIFoundation
0x00007fff64c9b000 	/System/Library/PrivateFrameworks/RemoteViewServices.framework/Versions/A/RemoteViewServices
0x00007fff6c761000 	/System/Library/PrivateFrameworks/XCTTargetBootstrap.framework/Versions/A/XCTTargetBootstrap
0x00007fff389eb000 	/System/Library/Frameworks/CoreDisplay.framework/Versions/A/CoreDisplay
0x00007fff3e095000 	/System/Library/Frameworks/Metal.framework/Versions/A/Metal
0x00007fff52c88000 	/System/Library/PrivateFrameworks/DesktopServicesPriv.framework/Versions/A/DesktopServicesPriv
0x00007fff70d2c000 	/usr/lib/liblangid.dylib
0x00007fff51f1d000 	/System/Library/PrivateFrameworks/CoreSVG.framework/Versions/A/CoreSVG
0x00007fff67df7000 	/System/Library/PrivateFrameworks/SkyLight.framework/Versions/A/SkyLight
0x00007fff38f9f000 	/System/Library/Frameworks/CoreGraphics.framework/Versions/A/CoreGraphics
0x00007fff347a5000 	/System/Library/Frameworks/Accelerate.framework/Versions/A/Accelerate
0x00007fff7201e000 	/usr/lib/libxml2.2.dylib
0x00007fff5dc26000 	/System/Library/PrivateFrameworks/IconServices.framework/Versions/A/IconServices
0x00007fff3b9ba000 	/System/Library/Frameworks/IOSurface.framework/Versions/A/IOSurface
0x00007fff6f71b000 	/usr/lib/libDiagnosticMessagesClient.dylib
0x00007fff52ae2000 	/System/Library/PrivateFrameworks/DFRFoundation.framework/Versions/A/DFRFoundation
0x00007fff70abb000 	/usr/lib/libicucore.A.dylib
0x00007fff36f13000 	/System/Library/Frameworks/AudioToolbox.framework/Versions/A/AudioToolbox
0x00007fff36ff6000 	/System/Library/Frameworks/AudioUnit.framework/Versions/A/AudioUnit
0x00007fff6fdf3000 	/usr/lib/libauto.dylib
0x00007fff52b84000 	/System/Library/PrivateFrameworks/DataDetectorsCore.framework/Versions/A/DataDetectorsCore
0x00007fff3779d000 	/System/Library/Frameworks/Carbon.framework/Versions/A/Frameworks/HIToolbox.framework/Versions/A/HIToolbox
0x00007fff4466d000 	/System/Library/Frameworks/QuartzCore.framework/Versions/A/QuartzCore
0x00007fff37adc000 	/System/Library/Frameworks/Carbon.framework/Versions/A/Frameworks/SpeechRecognition.framework/Versions/A/SpeechRecognition
0x00007fff525f6000 	/System/Library/PrivateFrameworks/CoreUI.framework/Versions/A/CoreUI
0x00007fff3806b000 	/System/Library/Frameworks/CoreAudio.framework/Versions/A/CoreAudio
0x00007fff3ae9a000 	/System/Library/Frameworks/DiskArbitration.framework/Versions/A/DiskArbitration
0x00007fff5fc76000 	/System/Library/PrivateFrameworks/MultitouchSupport.framework/Versions/A/MultitouchSupport
0x00007fff70982000 	/usr/lib/libenergytrace.dylib
0x00007fff3b914000 	/System/Library/Frameworks/IOKit.framework/Versions/A/IOKit
0x00007fff39f06000 	/System/Library/Frameworks/CoreServices.framework/Versions/A/CoreServices
0x00007fff61e2e000 	/System/Library/PrivateFrameworks/PerformanceAnalysis.framework/Versions/A/PerformanceAnalysis
0x00007fff436a0000 	/System/Library/Frameworks/OpenGL.framework/Versions/A/OpenGL
0x00007fff37c8a000 	/System/Library/Frameworks/ColorSync.framework/Versions/A/ColorSync
0x00007fff39622000 	/System/Library/Frameworks/CoreImage.framework/Versions/A/CoreImage
0x00007fff3a979000 	/System/Library/Frameworks/CoreText.framework/Versions/A/CoreText
0x00007fff3ba4a000 	/System/Library/Frameworks/ImageIO.framework/Versions/A/ImageIO
0x00007fff6ff53000 	/usr/lib/libcompression.dylib
0x00007fff6fa5f000 	/usr/lib/libMobileGestalt.dylib
0x00007fff69971000 	/System/Library/PrivateFrameworks/TextureIO.framework/Versions/A/TextureIO
0x00007fff6fd56000 	/usr/lib/libate.dylib
0x00007fff5de2f000 	/System/Library/PrivateFrameworks/InternationalSupport.framework/Versions/A/InternationalSupport
0x00007fff70d2e000 	/usr/lib/liblzma.5.dylib
0x00007fff709a9000 	/usr/lib/libfakelink.dylib
0x00007fff6fce3000 	/usr/lib/libarchive.2.dylib
0x00007fff46522000 	/System/Library/Frameworks/SystemConfiguration.framework/Versions/A/SystemConfiguration
0x00007fff6f64e000 	/usr/lib/libCRFSuite.dylib
0x00007fff3738d000 	/System/Library/Frameworks/CFNetwork.framework/Versions/A/CFNetwork
0x00007fff6feb9000 	/usr/lib/libbsm.0.dylib
0x00007fff72c2a000 	/usr/lib/system/libkxld.dylib
0x00007fff4c45f000 	/System/Library/PrivateFrameworks/AppleFSCompression.framework/Versions/A/AppleFSCompression
0x00007fff70244000 	/usr/lib/libcoretls.dylib
0x00007fff7025b000 	/usr/lib/libcoretls_cfhelpers.dylib
0x00007fff71a97000 	/usr/lib/libpam.2.dylib
0x00007fff71bcc000 	/usr/lib/libsqlite3.dylib
0x00007fff7200b000 	/usr/lib/libxar.1.dylib
0x00007fff6feca000 	/usr/lib/libbz2.1.0.dylib
0x00007fff709ca000 	/usr/lib/libiconv.2.dylib
0x00007fff6ff40000 	/usr/lib/libcharset.1.dylib
0x00007fff71534000 	/usr/lib/libnetwork.dylib
0x00007fff71a9e000 	/usr/lib/libpcap.A.dylib
0x00007fff6fc98000 	/usr/lib/libapple_nghttp2.dylib
0x00007fff3a2bd000 	/System/Library/Frameworks/CoreServices.framework/Versions/A/Frameworks/FSEvents.framework/Versions/A/FSEvents
0x00007fff39f8d000 	/System/Library/Frameworks/CoreServices.framework/Versions/A/Frameworks/CarbonCore.framework/Versions/A/CarbonCore
0x00007fff3a501000 	/System/Library/Frameworks/CoreServices.framework/Versions/A/Frameworks/Metadata.framework/Versions/A/Metadata
0x00007fff3a59a000 	/System/Library/Frameworks/CoreServices.framework/Versions/A/Frameworks/OSServices.framework/Versions/A/OSServices
0x00007fff3a5c8000 	/System/Library/Frameworks/CoreServices.framework/Versions/A/Frameworks/SearchKit.framework/Versions/A/SearchKit
0x00007fff39f07000 	/System/Library/Frameworks/CoreServices.framework/Versions/A/Frameworks/AE.framework/Versions/A/AE
0x00007fff3a2c6000 	/System/Library/Frameworks/CoreServices.framework/Versions/A/Frameworks/LaunchServices.framework/Versions/A/LaunchServices
0x00007fff3a26f000 	/System/Library/Frameworks/CoreServices.framework/Versions/A/Frameworks/DictionaryServices.framework/Versions/A/DictionaryServices
0x00007fff3a630000 	/System/Library/Frameworks/CoreServices.framework/Versions/A/Frameworks/SharedFileList.framework/Versions/A/SharedFileList
0x00007fff3f4bf000 	/System/Library/Frameworks/NetFS.framework/Versions/A/NetFS
0x00007fff601a6000 	/System/Library/PrivateFrameworks/NetAuth.framework/Versions/A/NetAuth
0x00007fff6cb2e000 	/System/Library/PrivateFrameworks/login.framework/Versions/A/Frameworks/loginsupport.framework/Versions/A/loginsupport
0x00007fff6943c000 	/System/Library/PrivateFrameworks/TCC.framework/Versions/A/TCC
0x00007fff51090000 	/System/Library/PrivateFrameworks/CoreNLP.framework/Versions/A/CoreNLP
0x00007fff5f6a3000 	/System/Library/PrivateFrameworks/MetadataUtilities.framework/Versions/A/MetadataUtilities
0x00007fff70e06000 	/usr/lib/libmecabra.dylib
0x00007fff70d5e000 	/usr/lib/libmecab.dylib
0x00007fff709ba000 	/usr/lib/libgermantok.dylib
0x00007fff6fc7f000 	/usr/lib/libThaiTokenizer.dylib
0x00007fff6f685000 	/usr/lib/libChineseTokenizer.dylib
0x00007fff347bd000 	/System/Library/Frameworks/Accelerate.framework/Versions/A/Frameworks/vImage.framework/Versions/A/vImage
0x00007fff35c27000 	/System/Library/Frameworks/Accelerate.framework/Versions/A/Frameworks/vecLib.framework/Versions/A/vecLib
0x00007fff35b64000 	/System/Library/Frameworks/Accelerate.framework/Versions/A/Frameworks/vecLib.framework/Versions/A/libvMisc.dylib
0x00007fff3598c000 	/System/Library/Frameworks/Accelerate.framework/Versions/A/Frameworks/vecLib.framework/Versions/A/libvDSP.dylib
0x00007fff34e14000 	/System/Library/Frameworks/Accelerate.framework/Versions/A/Frameworks/vecLib.framework/Versions/A/libBLAS.dylib
0x00007fff35550000 	/System/Library/Frameworks/Accelerate.framework/Versions/A/Frameworks/vecLib.framework/Versions/A/libLAPACK.dylib
0x00007fff358ec000 	/System/Library/Frameworks/Accelerate.framework/Versions/A/Frameworks/vecLib.framework/Versions/A/libLinearAlgebra.dylib
0x00007fff35979000 	/System/Library/Frameworks/Accelerate.framework/Versions/A/Frameworks/vecLib.framework/Versions/A/libSparseBLAS.dylib
0x00007fff35902000 	/System/Library/Frameworks/Accelerate.framework/Versions/A/Frameworks/vecLib.framework/Versions/A/libQuadrature.dylib
0x00007fff3507c000 	/System/Library/Frameworks/Accelerate.framework/Versions/A/Frameworks/vecLib.framework/Versions/A/libBNNS.dylib
0x00007fff35908000 	/System/Library/Frameworks/Accelerate.framework/Versions/A/Frameworks/vecLib.framework/Versions/A/libSparse.dylib
0x00007fff5e217000 	/System/Library/PrivateFrameworks/LanguageModeling.framework/Versions/A/LanguageModeling
0x00007fff50a40000 	/System/Library/PrivateFrameworks/CoreEmoji.framework/Versions/A/CoreEmoji
0x00007fff5e335000 	/System/Library/PrivateFrameworks/LinguisticData.framework/Versions/A/LinguisticData
0x00007fff5e2e6000 	/System/Library/PrivateFrameworks/Lexicon.framework/Versions/A/Lexicon
0x00007fff6ff41000 	/usr/lib/libcmph.dylib
0x00007fff420ae000 	/System/Library/Frameworks/OpenDirectory.framework/Versions/A/Frameworks/CFOpenDirectory.framework/Versions/A/CFOpenDirectory
0x00007fff420cb000 	/System/Library/Frameworks/OpenDirectory.framework/Versions/A/OpenDirectory
0x00007fff4a50c000 	/System/Library/PrivateFrameworks/APFS.framework/Versions/A/APFS
0x00007fff457bb000 	/System/Library/Frameworks/SecurityFoundation.framework/Versions/A/SecurityFoundation
0x00007fff72007000 	/usr/lib/libutil.dylib
0x00007fff51f75000 	/System/Library/PrivateFrameworks/CoreServicesStore.framework/Versions/A/CoreServicesStore
0x00007fff45872000 	/System/Library/Frameworks/ServiceManagement.framework/Versions/A/ServiceManagement
0x00007fff4dc2f000 	/System/Library/PrivateFrameworks/BackgroundTaskManagement.framework/Versions/A/BackgroundTaskManagement
0x00007fff72104000 	/usr/lib/libxslt.1.dylib
0x00007fff4cad2000 	/System/Library/PrivateFrameworks/AppleSystemInfo.framework/Versions/A/AppleSystemInfo
0x00007fff3bc65000 	/System/Library/Frameworks/ImageIO.framework/Versions/A/Resources/libJPEG.dylib
0x00007fff3bf23000 	/System/Library/Frameworks/ImageIO.framework/Versions/A/Resources/libTIFF.dylib
0x00007fff3bf06000 	/System/Library/Frameworks/ImageIO.framework/Versions/A/Resources/libPng.dylib
0x00007fff3bba7000 	/System/Library/Frameworks/ImageIO.framework/Versions/A/Resources/libGIF.dylib
0x00007fff3bbab000 	/System/Library/Frameworks/ImageIO.framework/Versions/A/Resources/libJP2.dylib
0x00007fff3bf21000 	/System/Library/Frameworks/ImageIO.framework/Versions/A/Resources/libRadiance.dylib
0x00007fff70983000 	/usr/lib/libexpat.1.dylib
0x00007fff4c5ba000 	/System/Library/PrivateFrameworks/AppleJPEG.framework/Versions/A/AppleJPEG
0x00007fff5528b000 	/System/Library/PrivateFrameworks/FontServices.framework/libFontParser.dylib
0x00007fff6bb30000 	/System/Library/PrivateFrameworks/WatchdogClient.framework/Versions/A/WatchdogClient
0x00007fff5d872000 	/System/Library/PrivateFrameworks/IOAccelerator.framework/Versions/A/IOAccelerator
0x00007fff3e430000 	/System/Library/Frameworks/MetalPerformanceShaders.framework/Versions/A/MetalPerformanceShaders
0x00007fff5a008000 	/System/Library/PrivateFrameworks/GPUWrangler.framework/Versions/A/GPUWrangler
0x00007fff5d887000 	/System/Library/PrivateFrameworks/IOPresentment.framework/Versions/A/IOPresentment
0x00007fff52af5000 	/System/Library/PrivateFrameworks/DSExternalDisplay.framework/Versions/A/DSExternalDisplay
0x00007fff42a3f000 	/System/Library/Frameworks/OpenGL.framework/Versions/A/Libraries/libCoreFSCache.dylib
0x00007fff3e17c000 	/System/Library/Frameworks/MetalPerformanceShaders.framework/Frameworks/MPSCore.framework/Versions/A/MPSCore
0x00007fff3e1ba000 	/System/Library/Frameworks/MetalPerformanceShaders.framework/Frameworks/MPSImage.framework/Versions/A/MPSImage
0x00007fff3e281000 	/System/Library/Frameworks/MetalPerformanceShaders.framework/Frameworks/MPSNeuralNetwork.framework/Versions/A/MPSNeuralNetwork
0x00007fff3e245000 	/System/Library/Frameworks/MetalPerformanceShaders.framework/Frameworks/MPSMatrix.framework/Versions/A/MPSMatrix
0x00007fff3e3e0000 	/System/Library/Frameworks/MetalPerformanceShaders.framework/Frameworks/MPSRayIntersector.framework/Versions/A/MPSRayIntersector
0x00007fff3e26b000 	/System/Library/Frameworks/MetalPerformanceShaders.framework/Frameworks/MPSNDArray.framework/Versions/A/MPSNDArray
0x00007fff5f6f0000 	/System/Library/PrivateFrameworks/MetalTools.framework/Versions/A/MetalTools
0x00007fff4b6e6000 	/System/Library/PrivateFrameworks/AggregateDictionary.framework/Versions/A/AggregateDictionary
0x00007fff50488000 	/System/Library/PrivateFrameworks/CoreAnalytics.framework/Versions/A/CoreAnalytics
0x00007fff4c9f1000 	/System/Library/PrivateFrameworks/AppleSauce.framework/Versions/A/AppleSauce
0x00007fff6f941000 	/usr/lib/libIOReport.dylib
0x00007fff3ab31000 	/System/Library/Frameworks/CoreVideo.framework/Versions/A/CoreVideo
0x00007fff5b481000 	/System/Library/PrivateFrameworks/GraphVisualizer.framework/Versions/A/GraphVisualizer
0x00007fff547d1000 	/System/Library/PrivateFrameworks/FaceCore.framework/Versions/A/FaceCore
0x00007fff42055000 	/System/Library/Frameworks/OpenCL.framework/Versions/A/OpenCL
0x00007fff6f763000 	/usr/lib/libFosl_dynamic.dylib
0x00007fff60bc6000 	/System/Library/PrivateFrameworks/OTSVG.framework/Versions/A/OTSVG
0x00007fff36ce6000 	/System/Library/Frameworks/ApplicationServices.framework/Versions/A/Frameworks/ATS.framework/Versions/A/Resources/libFontRegistry.dylib
0x00007fff5545c000 	/System/Library/PrivateFrameworks/FontServices.framework/libhvf.dylib
0x00007fff42a4a000 	/System/Library/Frameworks/OpenGL.framework/Versions/A/Libraries/libGFXShared.dylib
0x00007fff42c28000 	/System/Library/Frameworks/OpenGL.framework/Versions/A/Libraries/libGLU.dylib
0x00007fff42a53000 	/System/Library/Frameworks/OpenGL.framework/Versions/A/Libraries/libGL.dylib
0x00007fff42a5e000 	/System/Library/Frameworks/OpenGL.framework/Versions/A/Libraries/libGLImage.dylib
0x00007fff42a3c000 	/System/Library/Frameworks/OpenGL.framework/Versions/A/Libraries/libCVMSPluginSupport.dylib
0x00007fff42a45000 	/System/Library/Frameworks/OpenGL.framework/Versions/A/Libraries/libCoreVMClient.dylib
0x00007fff713d5000 	/usr/lib/libncurses.5.4.dylib
0x00007fff36be2000 	/System/Library/Frameworks/ApplicationServices.framework/Versions/A/Frameworks/ATS.framework/Versions/A/ATS
0x00007fff36daf000 	/System/Library/Frameworks/ApplicationServices.framework/Versions/A/Frameworks/ColorSyncLegacy.framework/Versions/A/ColorSyncLegacy
0x00007fff36e4d000 	/System/Library/Frameworks/ApplicationServices.framework/Versions/A/Frameworks/HIServices.framework/Versions/A/HIServices
0x00007fff36ea5000 	/System/Library/Frameworks/ApplicationServices.framework/Versions/A/Frameworks/LangAnalysis.framework/Versions/A/LangAnalysis
0x00007fff36eb4000 	/System/Library/Frameworks/ApplicationServices.framework/Versions/A/Frameworks/PrintCore.framework/Versions/A/PrintCore
0x00007fff36efa000 	/System/Library/Frameworks/ApplicationServices.framework/Versions/A/Frameworks/QD.framework/Versions/A/QD
0x00007fff36f05000 	/System/Library/Frameworks/ApplicationServices.framework/Versions/A/Frameworks/SpeechSynthesis.framework/Versions/A/SpeechSynthesis
0x00007fff36d7f000 	/System/Library/Frameworks/ApplicationServices.framework/Versions/A/Frameworks/ATSUI.framework/Versions/A/ATSUI
0x00007fff70819000 	/usr/lib/libcups.2.dylib
0x00007fff3d4cb000 	/System/Library/Frameworks/Kerberos.framework/Versions/A/Kerberos
0x00007fff3b60d000 	/System/Library/Frameworks/GSS.framework/Versions/A/GSS
0x00007fff71b58000 	/usr/lib/libresolv.9.dylib
0x00007fff5b62e000 	/System/Library/PrivateFrameworks/Heimdal.framework/Versions/A/Heimdal
0x00007fff3d4de000 	/System/Library/Frameworks/Kerberos.framework/Versions/A/Libraries/libHeimdalProxy.dylib
0x00007fff709c0000 	/usr/lib/libheimdal-asn1.dylib
0x00007fff4f920000 	/System/Library/PrivateFrameworks/CommonAuth.framework/Versions/A/CommonAuth
0x00007fff4cb6f000 	/System/Library/PrivateFrameworks/AssertionServices.framework/Versions/A/AssertionServices
0x00007fff4d712000 	/System/Library/PrivateFrameworks/AudioToolboxCore.framework/Versions/A/AudioToolboxCore
0x00007fff6c7de000 	/System/Library/PrivateFrameworks/caulk.framework/Versions/A/caulk
0x00007fff4dcdb000 	/System/Library/PrivateFrameworks/BaseBoard.framework/Versions/A/BaseBoard
0x00007fff64e29000 	/System/Library/PrivateFrameworks/RunningBoardServices.framework/Versions/A/RunningBoardServices
0x00007fff61e3a000 	/System/Library/PrivateFrameworks/PersistentConnection.framework/Versions/A/PersistentConnection
0x00007fff64822000 	/System/Library/PrivateFrameworks/ProtocolBuffer.framework/Versions/A/ProtocolBuffer
0x00007fff4f944000 	/System/Library/PrivateFrameworks/CommonUtilities.framework/Versions/A/CommonUtilities
0x00007fff4de69000 	/System/Library/PrivateFrameworks/Bom.framework/Versions/A/Bom
0x00007fff6f614000 	/usr/lib/libAudioToolboxUtility.dylib
0x00007fff4dc39000 	/System/Library/PrivateFrameworks/Backup.framework/Versions/A/Backup
0x00007fff52a16000 	/System/Library/PrivateFrameworks/CrashReporterSupport.framework/Versions/A/CrashReporterSupport
0x00007fff668bb000 	/System/Library/PrivateFrameworks/Sharing.framework/Versions/A/Sharing
0x00007fff4c17d000 	/System/Library/PrivateFrameworks/Apple80211.framework/Versions/A/Apple80211
0x00007fff4d956000 	/System/Library/PrivateFrameworks/AuthKit.framework/Versions/A/AuthKit
0x00007fff52723000 	/System/Library/PrivateFrameworks/CoreUtils.framework/Versions/A/CoreUtils
0x00007fff3ab76000 	/System/Library/Frameworks/CoreWLAN.framework/Versions/A/CoreWLAN
0x00007fff3b79a000 	/System/Library/Frameworks/IOBluetooth.framework/Versions/A/IOBluetooth
0x00007fff5f9f5000 	/System/Library/PrivateFrameworks/MobileKeyBag.framework/Versions/A/MobileKeyBag
0x00007fff51528000 	/System/Library/PrivateFrameworks/CorePhoneNumbers.framework/Versions/A/CorePhoneNumbers
0x00007fff4c56d000 	/System/Library/PrivateFrameworks/AppleIDAuthSupport.framework/Versions/A/AppleIDAuthSupport
0x00007fff3f4cc000 	/System/Library/Frameworks/Network.framework/Versions/A/Network
0x00007fff5e0c3000 	/System/Library/PrivateFrameworks/KeychainCircle.framework/Versions/A/KeychainCircle
0x00007fff385c7000 	/System/Library/Frameworks/CoreBluetooth.framework/Versions/A/CoreBluetooth
0x00007fff6893a000 	/System/Library/PrivateFrameworks/SpeechRecognitionCore.framework/Versions/A/SpeechRecognitionCore
0x000000010c000000 	/Users/jackarmstrong/Library/Java/JavaVirtualMachines/openjdk-17.0.1/Contents/Home/lib/server/libjvm.dylib
0x000000010afd2000 	/Users/jackarmstrong/Library/Java/JavaVirtualMachines/openjdk-17.0.1/Contents/Home/lib/libjimage.dylib
0x00000001147c1000 	/Users/jackarmstrong/Library/Java/JavaVirtualMachines/openjdk-17.0.1/Contents/Home/lib/libjava.dylib
0x0000000115253000 	/Users/jackarmstrong/Library/Java/JavaVirtualMachines/openjdk-17.0.1/Contents/Home/lib/libnio.dylib
0x000000011526f000 	/Users/jackarmstrong/Library/Java/JavaVirtualMachines/openjdk-17.0.1/Contents/Home/lib/libnet.dylib
0x000000011528f000 	/Users/jackarmstrong/Library/Java/JavaVirtualMachines/openjdk-17.0.1/Contents/Home/lib/libzip.dylib
0x00000001152a3000 	/Users/jackarmstrong/.javacpp/cache/javacpp-1.5.6-macosx-x86_64.jar/org/bytedeco/javacpp/macosx-x86_64/libjnijavacpp.dylib
0x0000000131f64000 	/Users/jackarmstrong/.javacpp/cache/llvm-12.0.1-1.5.6-macosx-x86_64.jar/org/bytedeco/llvm/macosx-x86_64/libLLVM.dylib
0x00007fff70964000 	/usr/lib/libedit.3.dylib
0x00000001152b3000 	/Users/jackarmstrong/.javacpp/cache/llvm-12.0.1-1.5.6-macosx-x86_64.jar/org/bytedeco/llvm/macosx-x86_64/libLTO.dylib
0x00000001152cb000 	/Users/jackarmstrong/.javacpp/cache/llvm-12.0.1-1.5.6-macosx-x86_64.jar/org/bytedeco/llvm/macosx-x86_64/libRemarks.dylib
0x00000001152d3000 	/Users/jackarmstrong/.javacpp/cache/llvm-12.0.1-1.5.6-macosx-x86_64.jar/org/bytedeco/llvm/macosx-x86_64/libjniLLVM.dylib


VM Arguments:
jvm_args: -Dfile.encoding=UTF-8 -Duser.country=US -Duser.language=en -Duser.variant 
java_command: TestLL
java_class_path (initial): /Users/jackarmstrong/Documents/FabricProjects/FerricOxide/build/classes/java/test:/Users/jackarmstrong/Documents/FabricProjects/FerricOxide/build/resources/test:/Users/jackarmstrong/Documents/FabricProjects/FerricOxide/build/classes/java/main:/Users/jackarmstrong/Documents/FabricProjects/FerricOxide/build/resources/main:/Users/jackarmstrong/.gradle/caches/modules-2/files-2.1/org.jetbrains/annotations/20.1.0/2fcd1f3225bca0c4a7bc931142076f8c1e80993f/annotations-20.1.0.jar:/Users/jackarmstrong/.gradle/caches/modules-2/files-2.1/org.bytedeco/llvm-platform/12.0.1-1.5.6/8d062595529d749857a06ad091d40538317564d7/llvm-platform-12.0.1-1.5.6.jar:/Users/jackarmstrong/.gradle/caches/modules-2/files-2.1/commons-cli/commons-cli/1.5.0/dc98be5d5390230684a092589d70ea76a147925c/commons-cli-1.5.0.jar:/Users/jackarmstrong/.gradle/caches/modules-2/files-2.1/org.junit.platform/junit-platform-engine/1.7.0/eadb73c5074a4ac71061defd00fc176152a4d12c/junit-platform-engine-1.7.0.jar:/Users/jackarmstrong/.gradle/caches/modules-2/files-2.1/org.junit.platform/junit-platform-commons/1.7.0/84e309fbf21d857aac079a3c1fffd84284e1114d/junit-platform-commons-1.7.0.jar:/Users/jackarmstrong/.gradle/caches/modules-2/files-2.1/org.junit.jupiter/junit-jupiter-engine/5.7.0/d9044d6b45e2232ddd53fa56c15333e43d1749fd/junit-jupiter-engine-5.7.0.jar:/Users/jackarmstrong/.gradle/caches/modules-2/files-2.1/org.junit.jupiter/junit-jupiter-api/5.7.0/b25f3815c4c1860a73041e733a14a0379d00c4d5/junit-jupiter-api-5.7.0.jar:/Users/jackarmstrong/.gradle/caches/modules-2/files-2.1/org.bytedeco/javacpp-platform/1.5.6/af8131823cdb0a1910ee1275799a9fba92f85341/javacpp-platform-1.5.6.jar:/Users/jackarmstrong/.gradle/caches/modules-2/files-2.1/org.bytedeco/llvm/12.0.1-1.5.6/9ea1c3d204b78b729c690dcd8e2c30d1e28d4772/llvm-12.0.1-1.5.6.jar:/Users/jackarmstrong/.gradle/caches/modules-2/files-2.1/org.bytedeco/llvm/12.0.1-1.5.6/6179d58431844c0e9d5ac0c86c7d5b35d057ce70/llvm-12.0.1-1.5.6-linux-x86.jar:/Users/jackarms
Launcher Type: SUN_STANDARD

[Global flags]
     intx CICompilerCount                          = 4                                         {product} {ergonomic}
     uint ConcGCThreads                            = 2                                         {product} {ergonomic}
     uint G1ConcRefinementThreads                  = 8                                         {product} {ergonomic}
   size_t G1HeapRegionSize                         = 2097152                                   {product} {ergonomic}
    uintx GCDrainStackTargetSize                   = 64                                        {product} {ergonomic}
   size_t InitialHeapSize                          = 268435456                                 {product} {ergonomic}
   size_t MarkStackSize                            = 4194304                                   {product} {ergonomic}
   size_t MaxHeapSize                              = 4294967296                                {product} {ergonomic}
   size_t MaxNewSize                               = 2575302656                                {product} {ergonomic}
   size_t MinHeapDeltaBytes                        = 2097152                                   {product} {ergonomic}
   size_t MinHeapSize                              = 8388608                                   {product} {ergonomic}
    uintx NonNMethodCodeHeapSize                   = 5839372                                {pd product} {ergonomic}
    uintx NonProfiledCodeHeapSize                  = 122909434                              {pd product} {ergonomic}
    uintx ProfiledCodeHeapSize                     = 122909434                              {pd product} {ergonomic}
    uintx ReservedCodeCacheSize                    = 251658240                              {pd product} {ergonomic}
     bool SegmentedCodeCache                       = true                                      {product} {ergonomic}
   size_t SoftMaxHeapSize                          = 4294967296                             {manageable} {ergonomic}
     bool UseCompressedClassPointers               = true                           {product lp64_product} {ergonomic}
     bool UseCompressedOops                        = true                           {product lp64_product} {ergonomic}
     bool UseG1GC                                  = true                                      {product} {ergonomic}
     bool UseNUMA                                  = false                                     {product} {ergonomic}
     bool UseNUMAInterleaving                      = false                                     {product} {ergonomic}

Logging:
Log output configuration:
 #0: stdout all=warning uptime,level,tags
 #1: stderr all=off uptime,level,tags

Environment Variables:
PATH=/opt/anaconda3/bin:/opt/anaconda3/condabin:/Users/jackarmstrong/.cargo/bin:/Library/Frameworks/Python.framework/Versions/3.7/bin:/usr/local/bin:/usr/bin:/bin:/usr/sbin:/sbin:/Library/Frameworks/Python.framework/Versions/3.7/bin:/Library/TeX/texbin:/usr/local/share/dotnet:/opt/X11/bin:~/.dotnet/tools:/Library/Frameworks/Mono.framework/Versions/Current/Commands
SHELL=/bin/zsh
DISPLAY=/private/tmp/com.apple.launchd.t2CBYEmIog/org.macosforge.xquartz:0
LC_CTYPE=

Signal Handlers:
   SIGSEGV: crash_handler in libjvm.dylib, mask=11100110000111110111111111111111, flags=SA_RESTART|SA_SIGINFO
    SIGBUS: crash_handler in libjvm.dylib, mask=11100110000111110111111111111111, flags=SA_RESTART|SA_SIGINFO
    SIGFPE: crash_handler in libjvm.dylib, mask=11100110000111110111111111111111, flags=SA_RESTART|SA_SIGINFO
   SIGPIPE: javaSignalHandler in libjvm.dylib, mask=11100110000111110111111111111111, flags=SA_RESTART|SA_SIGINFO
   SIGXFSZ: javaSignalHandler in libjvm.dylib, mask=11100110000111110111111111111111, flags=SA_RESTART|SA_SIGINFO
    SIGILL: crash_handler in libjvm.dylib, mask=11100110000111110111111111111111, flags=SA_RESTART|SA_SIGINFO
   SIGUSR2: SR_handler in libjvm.dylib, mask=00100000000000000000000000000000, flags=SA_RESTART|SA_SIGINFO
    SIGHUP: UserHandler in libjvm.dylib, mask=11100110000111110111111111111111, flags=SA_RESTART|SA_SIGINFO
    SIGINT: UserHandler in libjvm.dylib, mask=11100110000111110111111111111111, flags=SA_RESTART|SA_SIGINFO
   SIGTERM: UserHandler in libjvm.dylib, mask=11100110000111110111111111111111, flags=SA_RESTART|SA_SIGINFO
   SIGQUIT: UserHandler in libjvm.dylib, mask=11100110000111110111111111111111, flags=SA_RESTART|SA_SIGINFO
   SIGTRAP: crash_handler in libjvm.dylib, mask=11100110000111110111111111111111, flags=SA_RESTART|SA_SIGINFO


---------------  S Y S T E M  ---------------

OS:
uname: Darwin 19.6.0 Darwin Kernel Version 19.6.0: Sun Jul  5 00:43:10 PDT 2020; root:xnu-6153.141.1~9/RELEASE_X86_64 x86_64
OS uptime: 23 days 10:37 hours
rlimit (soft/hard): STACK 8192k/65532k , CORE 0k/infinity , NPROC 2784/4176 , NOFILE 10240/infinity , AS infinity/infinity , CPU infinity/infinity , DATA infinity/infinity , FSIZE infinity/infinity , MEMLOCK infinity/infinity , RSS infinity/infinity
load average: 3.81 3.69 3.29

CPU: total 8 (initial active 8) (4 cores per cpu, 2 threads per core) family 6 model 158 stepping 9 microcode 0xd6, cx8, cmov, fxsr, ht, mmx, 3dnowpref, sse, sse2, sse3, ssse3, sse4.1, sse4.2, popcnt, lzcnt, tsc, tscinvbit, avx, avx2, aes, erms, clmul, bmi1, bmi2, rtm, adx, fma, vzeroupper, clflush, clflushopt

Memory: 4k page, physical 16777216k(157668k free), swap 7340032k(1301504k free)

vm_info: OpenJDK 64-Bit Server VM (17.0.1+12-39) for bsd-amd64 JRE (17.0.1+12-39), built on Sep 27 2021 17:37:19 by "mach5one" with clang Apple LLVM 12.0.0 (clang-1200.0.32.29)

END.
